2022-04-20 03:11:00.684  INFO 8420 --- [main] c.g.k.cs122b.movies.MoviesService        : Starting MoviesService using Java 17.0.2 on TRA with PID 8420 (C:\Users\punsa\Documents\school\CS122B\CS122B-BE2-Movies-Service-Starter-main\CS122B-BE2-Movies-Service-Starter-main\target\classes started by punsa in C:\Users\punsa\Documents\school\CS122B\CS122B-BE2-Movies-Service-Starter-main)
2022-04-20 03:11:00.689  INFO 8420 --- [main] c.g.k.cs122b.movies.MoviesService        : No active profile set, falling back to 1 default profile: "default"
2022-04-20 03:11:01.403  INFO 8420 --- [main] o.s.b.w.embedded.tomcat.TomcatWebServer  : Tomcat initialized with port(s): 8082 (http)
2022-04-20 03:11:01.411  INFO 8420 --- [main] o.apache.catalina.core.StandardService   : Starting service [Tomcat]
2022-04-20 03:11:01.411  INFO 8420 --- [main] org.apache.catalina.core.StandardEngine  : Starting Servlet engine: [Apache Tomcat/9.0.60]
2022-04-20 03:11:01.482  INFO 8420 --- [main] o.a.c.c.C.[Tomcat].[localhost].[/]       : Initializing Spring embedded WebApplicationContext
2022-04-20 03:11:01.482  INFO 8420 --- [main] w.s.c.ServletWebServerApplicationContext : Root WebApplicationContext: initialization completed in 757 ms
2022-04-20 03:11:01.880  INFO 8420 --- [main] o.s.b.w.embedded.tomcat.TomcatWebServer  : Tomcat started on port(s): 8082 (http) with context path ''
2022-04-20 03:11:01.891  INFO 8420 --- [main] c.g.k.cs122b.movies.MoviesService        : Started MoviesService in 1.474 seconds (JVM running for 1.678)
2022-04-20 03:36:13.442  INFO 2452 --- [main] c.g.k.cs122b.movies.MoviesService        : Starting MoviesService using Java 17.0.2 on TRA with PID 2452 (C:\Users\punsa\Documents\school\CS122B\CS122B-BE2-Movies-Service-Starter-main\CS122B-BE2-Movies-Service-Starter-main\target\classes started by punsa in C:\Users\punsa\Documents\school\CS122B\CS122B-BE2-Movies-Service-Starter-main)
2022-04-20 03:36:13.444  INFO 2452 --- [main] c.g.k.cs122b.movies.MoviesService        : No active profile set, falling back to 1 default profile: "default"
2022-04-20 03:36:14.165  INFO 2452 --- [main] o.s.b.w.embedded.tomcat.TomcatWebServer  : Tomcat initialized with port(s): 8082 (http)
2022-04-20 03:36:14.173  INFO 2452 --- [main] o.apache.catalina.core.StandardService   : Starting service [Tomcat]
2022-04-20 03:36:14.174  INFO 2452 --- [main] org.apache.catalina.core.StandardEngine  : Starting Servlet engine: [Apache Tomcat/9.0.60]
2022-04-20 03:36:14.239  INFO 2452 --- [main] o.a.c.c.C.[Tomcat].[localhost].[/]       : Initializing Spring embedded WebApplicationContext
2022-04-20 03:36:14.240  INFO 2452 --- [main] w.s.c.ServletWebServerApplicationContext : Root WebApplicationContext: initialization completed in 761 ms
2022-04-20 03:36:14.624  INFO 2452 --- [main] o.s.b.w.embedded.tomcat.TomcatWebServer  : Tomcat started on port(s): 8082 (http) with context path ''
2022-04-20 03:36:14.633  INFO 2452 --- [main] c.g.k.cs122b.movies.MoviesService        : Started MoviesService in 1.49 seconds (JVM running for 1.7)
2022-04-20 03:42:27.659  INFO 6756 --- [main] c.g.k.cs122b.movies.MoviesService        : Starting MoviesService using Java 17.0.2 on TRA with PID 6756 (C:\Users\punsa\Documents\school\CS122B\CS122B-BE2-Movies-Service-Starter-main\CS122B-BE2-Movies-Service-Starter-main\target\classes started by punsa in C:\Users\punsa\Documents\school\CS122B\CS122B-BE2-Movies-Service-Starter-main)
2022-04-20 03:42:27.661  INFO 6756 --- [main] c.g.k.cs122b.movies.MoviesService        : No active profile set, falling back to 1 default profile: "default"
2022-04-20 03:42:28.383  INFO 6756 --- [main] o.s.b.w.embedded.tomcat.TomcatWebServer  : Tomcat initialized with port(s): 8082 (http)
2022-04-20 03:42:28.391  INFO 6756 --- [main] o.apache.catalina.core.StandardService   : Starting service [Tomcat]
2022-04-20 03:42:28.392  INFO 6756 --- [main] org.apache.catalina.core.StandardEngine  : Starting Servlet engine: [Apache Tomcat/9.0.60]
2022-04-20 03:42:28.460  INFO 6756 --- [main] o.a.c.c.C.[Tomcat].[localhost].[/]       : Initializing Spring embedded WebApplicationContext
2022-04-20 03:42:28.461  INFO 6756 --- [main] w.s.c.ServletWebServerApplicationContext : Root WebApplicationContext: initialization completed in 764 ms
2022-04-20 03:42:28.828  INFO 6756 --- [main] o.s.b.w.embedded.tomcat.TomcatWebServer  : Tomcat started on port(s): 8082 (http) with context path ''
2022-04-20 03:42:28.838  INFO 6756 --- [main] c.g.k.cs122b.movies.MoviesService        : Started MoviesService in 1.464 seconds (JVM running for 1.666)
2022-04-20 03:44:23.422  INFO 19160 --- [main] c.g.k.cs122b.movies.MoviesService        : Starting MoviesService using Java 17.0.2 on TRA with PID 19160 (C:\Users\punsa\Documents\school\CS122B\CS122B-BE2-Movies-Service-Starter-main\CS122B-BE2-Movies-Service-Starter-main\target\classes started by punsa in C:\Users\punsa\Documents\school\CS122B\CS122B-BE2-Movies-Service-Starter-main)
2022-04-20 03:44:23.424  INFO 19160 --- [main] c.g.k.cs122b.movies.MoviesService        : No active profile set, falling back to 1 default profile: "default"
2022-04-20 03:44:24.110  INFO 19160 --- [main] o.s.b.w.embedded.tomcat.TomcatWebServer  : Tomcat initialized with port(s): 8082 (http)
2022-04-20 03:44:24.120  INFO 19160 --- [main] o.apache.catalina.core.StandardService   : Starting service [Tomcat]
2022-04-20 03:44:24.120  INFO 19160 --- [main] org.apache.catalina.core.StandardEngine  : Starting Servlet engine: [Apache Tomcat/9.0.60]
2022-04-20 03:44:24.186  INFO 19160 --- [main] o.a.c.c.C.[Tomcat].[localhost].[/]       : Initializing Spring embedded WebApplicationContext
2022-04-20 03:44:24.186  INFO 19160 --- [main] w.s.c.ServletWebServerApplicationContext : Root WebApplicationContext: initialization completed in 729 ms
2022-04-20 03:44:24.580  INFO 19160 --- [main] o.s.b.w.embedded.tomcat.TomcatWebServer  : Tomcat started on port(s): 8082 (http) with context path ''
2022-04-20 03:44:24.588  INFO 19160 --- [main] c.g.k.cs122b.movies.MoviesService        : Started MoviesService in 1.433 seconds (JVM running for 1.632)
2022-04-20 03:46:57.574  INFO 17916 --- [main] c.g.k.cs122b.movies.MoviesService        : Starting MoviesService using Java 17.0.2 on TRA with PID 17916 (C:\Users\punsa\Documents\school\CS122B\CS122B-BE2-Movies-Service-Starter-main\CS122B-BE2-Movies-Service-Starter-main\target\classes started by punsa in C:\Users\punsa\Documents\school\CS122B\CS122B-BE2-Movies-Service-Starter-main)
2022-04-20 03:46:57.576  INFO 17916 --- [main] c.g.k.cs122b.movies.MoviesService        : No active profile set, falling back to 1 default profile: "default"
2022-04-20 03:46:58.318  INFO 17916 --- [main] o.s.b.w.embedded.tomcat.TomcatWebServer  : Tomcat initialized with port(s): 8082 (http)
2022-04-20 03:46:58.328  INFO 17916 --- [main] o.apache.catalina.core.StandardService   : Starting service [Tomcat]
2022-04-20 03:46:58.328  INFO 17916 --- [main] org.apache.catalina.core.StandardEngine  : Starting Servlet engine: [Apache Tomcat/9.0.60]
2022-04-20 03:46:58.398  INFO 17916 --- [main] o.a.c.c.C.[Tomcat].[localhost].[/]       : Initializing Spring embedded WebApplicationContext
2022-04-20 03:46:58.399  INFO 17916 --- [main] w.s.c.ServletWebServerApplicationContext : Root WebApplicationContext: initialization completed in 787 ms
2022-04-20 03:46:58.747  WARN 17916 --- [main] ConfigServletWebServerApplicationContext : Exception encountered during context initialization - cancelling refresh attempt: org.springframework.context.ApplicationContextException: Failed to start bean 'webServerStartStop'; nested exception is org.springframework.boot.web.server.PortInUseException: Port 8082 is already in use
2022-04-20 03:46:58.751  INFO 17916 --- [main] o.apache.catalina.core.StandardService   : Stopping service [Tomcat]
2022-04-20 03:46:58.761  INFO 17916 --- [main] ConditionEvaluationReportLoggingListener : 

Error starting ApplicationContext. To display the conditions report re-run your application with 'debug' enabled.
2022-04-20 03:46:58.775 ERROR 17916 --- [main] o.s.b.d.LoggingFailureAnalysisReporter   : 

***************************
APPLICATION FAILED TO START
***************************

Description:

Web server failed to start. Port 8082 was already in use.

Action:

Identify and stop the process that's listening on port 8082 or configure this application to listen on another port.

2022-04-20 03:51:40.859  INFO 6288 --- [main] c.g.k.cs122b.movies.MoviesService        : Starting MoviesService using Java 17.0.2 on TRA with PID 6288 (C:\Users\punsa\Documents\school\CS122B\CS122B-BE2-Movies-Service-Starter-main\CS122B-BE2-Movies-Service-Starter-main\target\classes started by punsa in C:\Users\punsa\Documents\school\CS122B\CS122B-BE2-Movies-Service-Starter-main)
2022-04-20 03:51:40.862  INFO 6288 --- [main] c.g.k.cs122b.movies.MoviesService        : No active profile set, falling back to 1 default profile: "default"
2022-04-20 03:51:41.606  INFO 6288 --- [main] o.s.b.w.embedded.tomcat.TomcatWebServer  : Tomcat initialized with port(s): 8082 (http)
2022-04-20 03:51:41.615  INFO 6288 --- [main] o.apache.catalina.core.StandardService   : Starting service [Tomcat]
2022-04-20 03:51:41.616  INFO 6288 --- [main] org.apache.catalina.core.StandardEngine  : Starting Servlet engine: [Apache Tomcat/9.0.60]
2022-04-20 03:51:41.692  INFO 6288 --- [main] o.a.c.c.C.[Tomcat].[localhost].[/]       : Initializing Spring embedded WebApplicationContext
2022-04-20 03:51:41.693  INFO 6288 --- [main] w.s.c.ServletWebServerApplicationContext : Root WebApplicationContext: initialization completed in 798 ms
2022-04-20 03:51:42.045  INFO 6288 --- [main] o.s.b.w.embedded.tomcat.TomcatWebServer  : Tomcat started on port(s): 8082 (http) with context path ''
2022-04-20 03:51:42.055  INFO 6288 --- [main] c.g.k.cs122b.movies.MoviesService        : Started MoviesService in 1.467 seconds (JVM running for 1.668)
2022-04-20 03:57:13.017  INFO 6288 --- [http-nio-0.0.0.0-8082-exec-1] o.a.c.c.C.[Tomcat].[localhost].[/]       : Initializing Spring DispatcherServlet 'dispatcherServlet'
2022-04-20 03:57:13.017  INFO 6288 --- [http-nio-0.0.0.0-8082-exec-1] o.s.web.servlet.DispatcherServlet        : Initializing Servlet 'dispatcherServlet'
2022-04-20 03:57:13.018  INFO 6288 --- [http-nio-0.0.0.0-8082-exec-1] o.s.web.servlet.DispatcherServlet        : Completed initialization in 1 ms
2022-04-20 03:57:13.040  INFO 6288 --- [http-nio-0.0.0.0-8082-exec-1] c.g.k.c.c.spring.ServiceRequestLogger    : Incoming Request: [GET /movie/search?limit=5]
2022-04-20 03:57:22.442  INFO 6288 --- [http-nio-0.0.0.0-8082-exec-4] c.g.k.c.c.spring.ServiceRequestLogger    : Incoming Request: [GET /movie/search?limit=5]
2022-04-20 03:57:50.902  INFO 6288 --- [http-nio-0.0.0.0-8082-exec-6] c.g.k.c.c.spring.ServiceRequestLogger    : Incoming Request: [GET /movie/search?limit=5]
2022-04-20 03:58:25.932  INFO 1212 --- [main] c.g.k.cs122b.movies.MoviesService        : Starting MoviesService using Java 17.0.2 on TRA with PID 1212 (C:\Users\punsa\Documents\school\CS122B\CS122B-BE2-Movies-Service-Starter-main\CS122B-BE2-Movies-Service-Starter-main\target\classes started by punsa in C:\Users\punsa\Documents\school\CS122B\CS122B-BE2-Movies-Service-Starter-main)
2022-04-20 03:58:25.934  INFO 1212 --- [main] c.g.k.cs122b.movies.MoviesService        : No active profile set, falling back to 1 default profile: "default"
2022-04-20 03:58:26.684  INFO 1212 --- [main] o.s.b.w.embedded.tomcat.TomcatWebServer  : Tomcat initialized with port(s): 8082 (http)
2022-04-20 03:58:26.692  INFO 1212 --- [main] o.apache.catalina.core.StandardService   : Starting service [Tomcat]
2022-04-20 03:58:26.693  INFO 1212 --- [main] org.apache.catalina.core.StandardEngine  : Starting Servlet engine: [Apache Tomcat/9.0.60]
2022-04-20 03:58:26.767  INFO 1212 --- [main] o.a.c.c.C.[Tomcat].[localhost].[/]       : Initializing Spring embedded WebApplicationContext
2022-04-20 03:58:26.767  INFO 1212 --- [main] w.s.c.ServletWebServerApplicationContext : Root WebApplicationContext: initialization completed in 797 ms
2022-04-20 03:58:27.118  INFO 1212 --- [main] o.s.b.w.embedded.tomcat.TomcatWebServer  : Tomcat started on port(s): 8082 (http) with context path ''
2022-04-20 03:58:27.126  INFO 1212 --- [main] c.g.k.cs122b.movies.MoviesService        : Started MoviesService in 1.501 seconds (JVM running for 1.707)
2022-04-20 03:58:29.675  INFO 1212 --- [http-nio-0.0.0.0-8082-exec-2] o.a.c.c.C.[Tomcat].[localhost].[/]       : Initializing Spring DispatcherServlet 'dispatcherServlet'
2022-04-20 03:58:29.675  INFO 1212 --- [http-nio-0.0.0.0-8082-exec-2] o.s.web.servlet.DispatcherServlet        : Initializing Servlet 'dispatcherServlet'
2022-04-20 03:58:29.676  INFO 1212 --- [http-nio-0.0.0.0-8082-exec-2] o.s.web.servlet.DispatcherServlet        : Completed initialization in 1 ms
2022-04-20 03:58:29.699  INFO 1212 --- [http-nio-0.0.0.0-8082-exec-2] c.g.k.c.c.spring.ServiceRequestLogger    : Incoming Request: [GET /movie/search?limit=5]
2022-04-20 04:02:07.676  INFO 18272 --- [main] c.g.k.cs122b.movies.MoviesService        : Starting MoviesService using Java 17.0.2 on TRA with PID 18272 (C:\Users\punsa\Documents\school\CS122B\CS122B-BE2-Movies-Service-Starter-main\CS122B-BE2-Movies-Service-Starter-main\target\classes started by punsa in C:\Users\punsa\Documents\school\CS122B\CS122B-BE2-Movies-Service-Starter-main)
2022-04-20 04:02:07.679  INFO 18272 --- [main] c.g.k.cs122b.movies.MoviesService        : No active profile set, falling back to 1 default profile: "default"
2022-04-20 04:02:08.484  INFO 18272 --- [main] o.s.b.w.embedded.tomcat.TomcatWebServer  : Tomcat initialized with port(s): 8082 (http)
2022-04-20 04:02:08.494  INFO 18272 --- [main] o.apache.catalina.core.StandardService   : Starting service [Tomcat]
2022-04-20 04:02:08.494  INFO 18272 --- [main] org.apache.catalina.core.StandardEngine  : Starting Servlet engine: [Apache Tomcat/9.0.60]
2022-04-20 04:02:08.585  INFO 18272 --- [main] o.a.c.c.C.[Tomcat].[localhost].[/]       : Initializing Spring embedded WebApplicationContext
2022-04-20 04:02:08.586  INFO 18272 --- [main] w.s.c.ServletWebServerApplicationContext : Root WebApplicationContext: initialization completed in 873 ms
2022-04-20 04:02:09.020  INFO 18272 --- [main] o.s.b.w.embedded.tomcat.TomcatWebServer  : Tomcat started on port(s): 8082 (http) with context path ''
2022-04-20 04:02:09.029  INFO 18272 --- [main] c.g.k.cs122b.movies.MoviesService        : Started MoviesService in 1.639 seconds (JVM running for 1.845)
2022-04-20 04:02:11.261  INFO 18272 --- [http-nio-0.0.0.0-8082-exec-2] o.a.c.c.C.[Tomcat].[localhost].[/]       : Initializing Spring DispatcherServlet 'dispatcherServlet'
2022-04-20 04:02:11.261  INFO 18272 --- [http-nio-0.0.0.0-8082-exec-2] o.s.web.servlet.DispatcherServlet        : Initializing Servlet 'dispatcherServlet'
2022-04-20 04:02:11.262  INFO 18272 --- [http-nio-0.0.0.0-8082-exec-2] o.s.web.servlet.DispatcherServlet        : Completed initialization in 1 ms
2022-04-20 04:02:11.285  INFO 18272 --- [http-nio-0.0.0.0-8082-exec-2] c.g.k.c.c.spring.ServiceRequestLogger    : Incoming Request: [GET /movie/search?limit=5]
2022-04-20 04:02:30.339  INFO 2328 --- [main] c.g.k.cs122b.movies.MoviesService        : Starting MoviesService using Java 17.0.2 on TRA with PID 2328 (C:\Users\punsa\Documents\school\CS122B\CS122B-BE2-Movies-Service-Starter-main\CS122B-BE2-Movies-Service-Starter-main\target\classes started by punsa in C:\Users\punsa\Documents\school\CS122B\CS122B-BE2-Movies-Service-Starter-main)
2022-04-20 04:02:30.341  INFO 2328 --- [main] c.g.k.cs122b.movies.MoviesService        : No active profile set, falling back to 1 default profile: "default"
2022-04-20 04:02:31.077  INFO 2328 --- [main] o.s.b.w.embedded.tomcat.TomcatWebServer  : Tomcat initialized with port(s): 8082 (http)
2022-04-20 04:02:31.087  INFO 2328 --- [main] o.apache.catalina.core.StandardService   : Starting service [Tomcat]
2022-04-20 04:02:31.088  INFO 2328 --- [main] org.apache.catalina.core.StandardEngine  : Starting Servlet engine: [Apache Tomcat/9.0.60]
2022-04-20 04:02:31.169  INFO 2328 --- [main] o.a.c.c.C.[Tomcat].[localhost].[/]       : Initializing Spring embedded WebApplicationContext
2022-04-20 04:02:31.169  INFO 2328 --- [main] w.s.c.ServletWebServerApplicationContext : Root WebApplicationContext: initialization completed in 794 ms
2022-04-20 04:02:31.575  INFO 2328 --- [main] o.s.b.w.embedded.tomcat.TomcatWebServer  : Tomcat started on port(s): 8082 (http) with context path ''
2022-04-20 04:02:31.586  INFO 2328 --- [main] c.g.k.cs122b.movies.MoviesService        : Started MoviesService in 1.517 seconds (JVM running for 1.72)
2022-04-20 04:02:34.120  INFO 2328 --- [http-nio-0.0.0.0-8082-exec-1] o.a.c.c.C.[Tomcat].[localhost].[/]       : Initializing Spring DispatcherServlet 'dispatcherServlet'
2022-04-20 04:02:34.121  INFO 2328 --- [http-nio-0.0.0.0-8082-exec-1] o.s.web.servlet.DispatcherServlet        : Initializing Servlet 'dispatcherServlet'
2022-04-20 04:02:34.122  INFO 2328 --- [http-nio-0.0.0.0-8082-exec-1] o.s.web.servlet.DispatcherServlet        : Completed initialization in 1 ms
2022-04-20 04:02:34.145  INFO 2328 --- [http-nio-0.0.0.0-8082-exec-1] c.g.k.c.c.spring.ServiceRequestLogger    : Incoming Request: [GET /movie/search?limit=5]
2022-04-20 04:02:57.828  INFO 9412 --- [main] c.g.k.cs122b.movies.MoviesService        : Starting MoviesService using Java 17.0.2 on TRA with PID 9412 (C:\Users\punsa\Documents\school\CS122B\CS122B-BE2-Movies-Service-Starter-main\CS122B-BE2-Movies-Service-Starter-main\target\classes started by punsa in C:\Users\punsa\Documents\school\CS122B\CS122B-BE2-Movies-Service-Starter-main)
2022-04-20 04:02:57.831  INFO 9412 --- [main] c.g.k.cs122b.movies.MoviesService        : No active profile set, falling back to 1 default profile: "default"
2022-04-20 04:02:58.554  INFO 9412 --- [main] o.s.b.w.embedded.tomcat.TomcatWebServer  : Tomcat initialized with port(s): 8082 (http)
2022-04-20 04:02:58.564  INFO 9412 --- [main] o.apache.catalina.core.StandardService   : Starting service [Tomcat]
2022-04-20 04:02:58.564  INFO 9412 --- [main] org.apache.catalina.core.StandardEngine  : Starting Servlet engine: [Apache Tomcat/9.0.60]
2022-04-20 04:02:58.635  INFO 9412 --- [main] o.a.c.c.C.[Tomcat].[localhost].[/]       : Initializing Spring embedded WebApplicationContext
2022-04-20 04:02:58.635  INFO 9412 --- [main] w.s.c.ServletWebServerApplicationContext : Root WebApplicationContext: initialization completed in 769 ms
2022-04-20 04:02:58.996  INFO 9412 --- [main] o.s.b.w.embedded.tomcat.TomcatWebServer  : Tomcat started on port(s): 8082 (http) with context path ''
2022-04-20 04:02:59.005  INFO 9412 --- [main] c.g.k.cs122b.movies.MoviesService        : Started MoviesService in 1.473 seconds (JVM running for 1.676)
2022-04-20 04:03:02.024  INFO 9412 --- [http-nio-0.0.0.0-8082-exec-2] o.a.c.c.C.[Tomcat].[localhost].[/]       : Initializing Spring DispatcherServlet 'dispatcherServlet'
2022-04-20 04:03:02.025  INFO 9412 --- [http-nio-0.0.0.0-8082-exec-2] o.s.web.servlet.DispatcherServlet        : Initializing Servlet 'dispatcherServlet'
2022-04-20 04:03:02.026  INFO 9412 --- [http-nio-0.0.0.0-8082-exec-2] o.s.web.servlet.DispatcherServlet        : Completed initialization in 1 ms
2022-04-20 04:03:02.050  INFO 9412 --- [http-nio-0.0.0.0-8082-exec-2] c.g.k.c.c.spring.ServiceRequestLogger    : Incoming Request: [GET /movie/search?limit=5]
2022-04-20 04:04:17.870  INFO 6288 --- [main] c.g.k.cs122b.movies.MoviesService        : Starting MoviesService using Java 17.0.2 on TRA with PID 6288 (C:\Users\punsa\Documents\school\CS122B\CS122B-BE2-Movies-Service-Starter-main\CS122B-BE2-Movies-Service-Starter-main\target\classes started by punsa in C:\Users\punsa\Documents\school\CS122B\CS122B-BE2-Movies-Service-Starter-main)
2022-04-20 04:04:17.872  INFO 6288 --- [main] c.g.k.cs122b.movies.MoviesService        : No active profile set, falling back to 1 default profile: "default"
2022-04-20 04:04:18.565  INFO 6288 --- [main] o.s.b.w.embedded.tomcat.TomcatWebServer  : Tomcat initialized with port(s): 8082 (http)
2022-04-20 04:04:18.574  INFO 6288 --- [main] o.apache.catalina.core.StandardService   : Starting service [Tomcat]
2022-04-20 04:04:18.574  INFO 6288 --- [main] org.apache.catalina.core.StandardEngine  : Starting Servlet engine: [Apache Tomcat/9.0.60]
2022-04-20 04:04:18.645  INFO 6288 --- [main] o.a.c.c.C.[Tomcat].[localhost].[/]       : Initializing Spring embedded WebApplicationContext
2022-04-20 04:04:18.645  INFO 6288 --- [main] w.s.c.ServletWebServerApplicationContext : Root WebApplicationContext: initialization completed in 739 ms
2022-04-20 04:04:19.000  INFO 6288 --- [main] o.s.b.w.embedded.tomcat.TomcatWebServer  : Tomcat started on port(s): 8082 (http) with context path ''
2022-04-20 04:04:19.010  INFO 6288 --- [main] c.g.k.cs122b.movies.MoviesService        : Started MoviesService in 1.408 seconds (JVM running for 1.62)
2022-04-20 04:04:20.329  INFO 6288 --- [http-nio-0.0.0.0-8082-exec-1] o.a.c.c.C.[Tomcat].[localhost].[/]       : Initializing Spring DispatcherServlet 'dispatcherServlet'
2022-04-20 04:04:20.330  INFO 6288 --- [http-nio-0.0.0.0-8082-exec-1] o.s.web.servlet.DispatcherServlet        : Initializing Servlet 'dispatcherServlet'
2022-04-20 04:04:20.331  INFO 6288 --- [http-nio-0.0.0.0-8082-exec-1] o.s.web.servlet.DispatcherServlet        : Completed initialization in 1 ms
2022-04-20 04:04:20.353  INFO 6288 --- [http-nio-0.0.0.0-8082-exec-1] c.g.k.c.c.spring.ServiceRequestLogger    : Incoming Request: [GET /movie/search?limit=5]
